<?xml version="1.0" encoding="UTF-8"?>
<!-- Generated by org.testng.reporters.JUnitXMLReporter -->
<testsuite ignored="0" hostname="hp" failures="1" tests="7" name="Default test" time="13.385" errors="0" timestamp="2024-08-20T09:56:36 EEST">
  <testcase classname="com.example.tests.myFirstRestAssuredClass" name="getResponseBody" time="4.85"/>
  <testcase classname="com.example.tests.myFirstRestAssuredClass" name="getResponseBody1" time="1.186"/>
  <testcase classname="com.example.tests.myFirstRestAssuredClass" name="getResponseContentType" time="1.264"/>
  <testcase classname="com.example.tests.myFirstRestAssuredClass" name="getResponseHeaders" time="1.145"/>
  <testcase classname="com.example.tests.myFirstRestAssuredClass" name="getResponseStatus" time="2.594"/>
  <testcase classname="com.example.tests.myFirstRestAssuredClass" name="getResponseTime" time="1.127"/>
  <testcase classname="com.example.tests.myFirstRestAssuredClass" name="getSpecificPartOfResponseBody" time="1.105">
    <failure type="java.lang.ClassCastException" message="class io.restassured.path.xml.XmlPath cannot be cast to class java.util.ArrayList (io.restassured.path.xml.XmlPath is in unnamed module of loader &amp;apos;app&amp;apos;; java.util.ArrayList is in module java.base of loader &amp;apos;bootstrap&amp;apos;)">
      <![CDATA[java.lang.ClassCastException: class io.restassured.path.xml.XmlPath cannot be cast to class java.util.ArrayList (io.restassured.path.xml.XmlPath is in unnamed module of loader 'app'; java.util.ArrayList is in module java.base of loader 'bootstrap')
at com.example.tests.myFirstRestAssuredClass.getSpecificPartOfResponseBody(myFirstRestAssuredClass.java:61)
at java.base/jdk.internal.reflect.DirectMethodHandleAccessor.invoke(DirectMethodHandleAccessor.java:103)
at java.base/java.lang.reflect.Method.invoke(Method.java:580)
at org.testng.internal.invokers.MethodInvocationHelper.invokeMethod(MethodInvocationHelper.java:139)
at org.testng.internal.invokers.TestInvoker.invokeMethod(TestInvoker.java:664)
at org.testng.internal.invokers.TestInvoker.invokeTestMethod(TestInvoker.java:227)
at org.testng.internal.invokers.MethodRunner.runInSequence(MethodRunner.java:50)
at org.testng.internal.invokers.TestInvoker$MethodInvocationAgent.invoke(TestInvoker.java:957)
at org.testng.internal.invokers.TestInvoker.invokeTestMethods(TestInvoker.java:200)
at org.testng.internal.invokers.TestMethodWorker.invokeTestMethods(TestMethodWorker.java:148)
at org.testng.internal.invokers.TestMethodWorker.run(TestMethodWorker.java:128)
at java.base/java.util.ArrayList.forEach(ArrayList.java:1597)
at org.testng.TestRunner.privateRun(TestRunner.java:848)
at org.testng.TestRunner.run(TestRunner.java:621)
at org.testng.SuiteRunner.runTest(SuiteRunner.java:443)
at org.testng.SuiteRunner.runSequentially(SuiteRunner.java:437)
at org.testng.SuiteRunner.privateRun(SuiteRunner.java:397)
at org.testng.SuiteRunner.run(SuiteRunner.java:336)
at org.testng.SuiteRunnerWorker.runSuite(SuiteRunnerWorker.java:52)
at org.testng.SuiteRunnerWorker.run(SuiteRunnerWorker.java:95)
at org.testng.TestNG.runSuitesSequentially(TestNG.java:1280)
at org.testng.TestNG.runSuitesLocally(TestNG.java:1200)
at org.testng.TestNG.runSuites(TestNG.java:1114)
at org.testng.TestNG.run(TestNG.java:1082)
at org.testng.remote.AbstractRemoteTestNG.run(AbstractRemoteTestNG.java:115)
at org.testng.remote.RemoteTestNG.initAndRun(RemoteTestNG.java:293)
at org.testng.remote.RemoteTestNG.main(RemoteTestNG.java:91)
]]>
    </failure>
  </testcase> <!-- getSpecificPartOfResponseBody -->
</testsuite> <!-- Default test -->
