<?xml version="1.0" encoding="UTF-8"?>
<testng-results ignored="0" total="7" passed="6" failed="1" skipped="0">
  <reporter-output>
  </reporter-output>
  <suite started-at="2024-08-20T09:56:22 EEST" name="Default suite" finished-at="2024-08-20T09:56:36 EEST" duration-ms="13385">
    <groups>
    </groups>
    <test started-at="2024-08-20T09:56:22 EEST" name="Default test" finished-at="2024-08-20T09:56:36 EEST" duration-ms="13385">
      <class name="com.example.tests.myFirstRestAssuredClass">
        <test-method signature="getResponseBody()[pri:0, instance:com.example.tests.myFirstRestAssuredClass@18df8434]" started-at="2024-08-20T09:56:22 EEST" name="getResponseBody" finished-at="2024-08-20T09:56:27 EEST" duration-ms="4850" status="PASS">
          <reporter-output>
          </reporter-output>
        </test-method> <!-- getResponseBody -->
        <test-method signature="getResponseBody1()[pri:0, instance:com.example.tests.myFirstRestAssuredClass@18df8434]" started-at="2024-08-20T09:56:27 EEST" name="getResponseBody1" finished-at="2024-08-20T09:56:28 EEST" duration-ms="1186" status="PASS">
          <reporter-output>
          </reporter-output>
        </test-method> <!-- getResponseBody1 -->
        <test-method signature="getResponseContentType()[pri:0, instance:com.example.tests.myFirstRestAssuredClass@18df8434]" started-at="2024-08-20T09:56:28 EEST" name="getResponseContentType" finished-at="2024-08-20T09:56:30 EEST" duration-ms="1264" status="PASS">
          <reporter-output>
          </reporter-output>
        </test-method> <!-- getResponseContentType -->
        <test-method signature="getResponseHeaders()[pri:0, instance:com.example.tests.myFirstRestAssuredClass@18df8434]" started-at="2024-08-20T09:56:30 EEST" name="getResponseHeaders" finished-at="2024-08-20T09:56:31 EEST" duration-ms="1145" status="PASS">
          <reporter-output>
          </reporter-output>
        </test-method> <!-- getResponseHeaders -->
        <test-method signature="getResponseStatus()[pri:0, instance:com.example.tests.myFirstRestAssuredClass@18df8434]" started-at="2024-08-20T09:56:31 EEST" name="getResponseStatus" finished-at="2024-08-20T09:56:33 EEST" duration-ms="2594" status="PASS">
          <reporter-output>
          </reporter-output>
        </test-method> <!-- getResponseStatus -->
        <test-method signature="getResponseTime()[pri:0, instance:com.example.tests.myFirstRestAssuredClass@18df8434]" started-at="2024-08-20T09:56:33 EEST" name="getResponseTime" finished-at="2024-08-20T09:56:34 EEST" duration-ms="1127" status="PASS">
          <reporter-output>
          </reporter-output>
        </test-method> <!-- getResponseTime -->
        <test-method signature="getSpecificPartOfResponseBody()[pri:0, instance:com.example.tests.myFirstRestAssuredClass@18df8434]" started-at="2024-08-20T09:56:34 EEST" name="getSpecificPartOfResponseBody" finished-at="2024-08-20T09:56:36 EEST" duration-ms="1105" status="FAIL">
          <exception class="java.lang.ClassCastException">
            <message>
              <![CDATA[class io.restassured.path.xml.XmlPath cannot be cast to class java.util.ArrayList (io.restassured.path.xml.XmlPath is in unnamed module of loader 'app'; java.util.ArrayList is in module java.base of loader 'bootstrap')]]>
            </message>
            <full-stacktrace>
              <![CDATA[java.lang.ClassCastException: class io.restassured.path.xml.XmlPath cannot be cast to class java.util.ArrayList (io.restassured.path.xml.XmlPath is in unnamed module of loader 'app'; java.util.ArrayList is in module java.base of loader 'bootstrap')
at com.example.tests.myFirstRestAssuredClass.getSpecificPartOfResponseBody(myFirstRestAssuredClass.java:61)
at java.base/jdk.internal.reflect.DirectMethodHandleAccessor.invoke(DirectMethodHandleAccessor.java:103)
at java.base/java.lang.reflect.Method.invoke(Method.java:580)
at org.testng.internal.invokers.MethodInvocationHelper.invokeMethod(MethodInvocationHelper.java:139)
at org.testng.internal.invokers.TestInvoker.invokeMethod(TestInvoker.java:664)
at org.testng.internal.invokers.TestInvoker.invokeTestMethod(TestInvoker.java:227)
at org.testng.internal.invokers.MethodRunner.runInSequence(MethodRunner.java:50)
at org.testng.internal.invokers.TestInvoker$MethodInvocationAgent.invoke(TestInvoker.java:957)
at org.testng.internal.invokers.TestInvoker.invokeTestMethods(TestInvoker.java:200)
at org.testng.internal.invokers.TestMethodWorker.invokeTestMethods(TestMethodWorker.java:148)
at org.testng.internal.invokers.TestMethodWorker.run(TestMethodWorker.java:128)
at java.base/java.util.ArrayList.forEach(ArrayList.java:1597)
at org.testng.TestRunner.privateRun(TestRunner.java:848)
at org.testng.TestRunner.run(TestRunner.java:621)
at org.testng.SuiteRunner.runTest(SuiteRunner.java:443)
at org.testng.SuiteRunner.runSequentially(SuiteRunner.java:437)
at org.testng.SuiteRunner.privateRun(SuiteRunner.java:397)
at org.testng.SuiteRunner.run(SuiteRunner.java:336)
at org.testng.SuiteRunnerWorker.runSuite(SuiteRunnerWorker.java:52)
at org.testng.SuiteRunnerWorker.run(SuiteRunnerWorker.java:95)
at org.testng.TestNG.runSuitesSequentially(TestNG.java:1280)
at org.testng.TestNG.runSuitesLocally(TestNG.java:1200)
at org.testng.TestNG.runSuites(TestNG.java:1114)
at org.testng.TestNG.run(TestNG.java:1082)
at org.testng.remote.AbstractRemoteTestNG.run(AbstractRemoteTestNG.java:115)
at org.testng.remote.RemoteTestNG.initAndRun(RemoteTestNG.java:293)
at org.testng.remote.RemoteTestNG.main(RemoteTestNG.java:91)
]]>
            </full-stacktrace>
          </exception> <!-- java.lang.ClassCastException -->
          <reporter-output>
          </reporter-output>
        </test-method> <!-- getSpecificPartOfResponseBody -->
      </class> <!-- com.example.tests.myFirstRestAssuredClass -->
    </test> <!-- Default test -->
  </suite> <!-- Default suite -->
</testng-results>
